  Character.cpp
c:\users\pauliuskuzmickas\desktop\programming\opengldisco\camera.h(23): warning C4091: 'static ': ignored on left of 'Camera::movingDir' when no variable is declared
c:\users\pauliuskuzmickas\desktop\programming\opengldisco\character.cpp(122): warning C4018: '<': signed/unsigned mismatch
c:\users\pauliuskuzmickas\desktop\programming\opengldisco\character.cpp(149): warning C4244: 'initializing': conversion from 'float' to 'int', possible loss of data
  GLHandler.cpp
c:\users\pauliuskuzmickas\desktop\programming\opengldisco\camera.h(23): warning C4091: 'static ': ignored on left of 'Camera::movingDir' when no variable is declared
c:\users\pauliuskuzmickas\desktop\programming\opengldisco\glhandler.cpp(44): warning C4244: 'argument': conversion from 'time_t' to 'unsigned int', possible loss of data
c:\users\pauliuskuzmickas\desktop\programming\opengldisco\glhandler.cpp(159): warning C4244: '=': conversion from 'double' to 'float', possible loss of data
c:\users\pauliuskuzmickas\desktop\programming\opengldisco\glhandler.cpp(160): warning C4244: '=': conversion from 'double' to 'float', possible loss of data
c:\users\pauliuskuzmickas\desktop\programming\opengldisco\glhandler.cpp(177): warning C4018: '<': signed/unsigned mismatch
c:\users\pauliuskuzmickas\desktop\programming\opengldisco\glhandler.cpp(178): warning C4018: '<': signed/unsigned mismatch
c:\users\pauliuskuzmickas\desktop\programming\opengldisco\glhandler.cpp(181): warning C4018: '>=': signed/unsigned mismatch
c:\users\pauliuskuzmickas\desktop\programming\opengldisco\glhandler.cpp(181): warning C4018: '<': signed/unsigned mismatch
c:\users\pauliuskuzmickas\desktop\programming\opengldisco\glhandler.cpp(184): warning C4018: '>=': signed/unsigned mismatch
  Renderer.cpp
c:\users\pauliuskuzmickas\desktop\programming\opengldisco\camera.h(23): warning C4091: 'static ': ignored on left of 'Camera::movingDir' when no variable is declared
c:\users\pauliuskuzmickas\desktop\programming\opengldisco\renderer.cpp(32): warning C4101: 'e': unreferenced local variable
  ShaderHandler.cpp
  main.cpp
c:\users\pauliuskuzmickas\desktop\programming\opengldisco\camera.h(23): warning C4091: 'static ': ignored on left of 'Camera::movingDir' when no variable is declared
  Generating Code...
  thedisco.vcxproj -> C:\Users\pauliuskuzmickas\Desktop\programming\opengldisco\Debug\thedisco.exe
