c:\users\pauliuskuzmickas\desktop\graphics\x64\debug\vc141.pdb
c:\users\pauliuskuzmickas\desktop\graphics\x64\debug\vc141.idb
c:\users\pauliuskuzmickas\desktop\graphics\x64\debug\shaderhandler.obj
c:\users\pauliuskuzmickas\desktop\graphics\x64\debug\main.obj
c:\users\pauliuskuzmickas\desktop\graphics\x64\debug\glhandler.obj
c:\users\pauliuskuzmickas\desktop\graphics\x64\debug\cube.obj
c:\users\pauliuskuzmickas\desktop\graphics\x64\debug\renderer.obj
c:\users\pauliuskuzmickas\desktop\graphics\opengldisco\x64\debug\vc141.pdb
c:\users\pauliuskuzmickas\desktop\graphics\opengldisco\x64\debug\vc141.idb
c:\users\pauliuskuzmickas\desktop\graphics\opengldisco\x64\debug\shaderhandler.obj
c:\users\pauliuskuzmickas\desktop\graphics\opengldisco\x64\debug\renderer.obj
c:\users\pauliuskuzmickas\desktop\graphics\opengldisco\x64\debug\main.obj
c:\users\pauliuskuzmickas\desktop\graphics\opengldisco\x64\debug\glhandler.obj
c:\users\pauliuskuzmickas\desktop\graphics\opengldisco\x64\debug\cube.obj
c:\users\pauliuskuzmickas\desktop\graphics\opengldisco\x64\debug\character.obj
c:\users\pauliuskuzmickas\desktop\graphics\opengldisco\x64\debug\thedisco.pdb
c:\users\pauliuskuzmickas\desktop\graphics\opengldisco\x64\debug\thedisco.tlog\cl.command.1.tlog
c:\users\pauliuskuzmickas\desktop\graphics\opengldisco\x64\debug\thedisco.tlog\cl.read.1.tlog
c:\users\pauliuskuzmickas\desktop\graphics\opengldisco\x64\debug\thedisco.tlog\cl.write.1.tlog
c:\users\pauliuskuzmickas\desktop\graphics\opengldisco\x64\debug\thedisco.tlog\link-cvtres.read.1.tlog
c:\users\pauliuskuzmickas\desktop\graphics\opengldisco\x64\debug\thedisco.tlog\link-cvtres.write.1.tlog
c:\users\pauliuskuzmickas\desktop\graphics\opengldisco\x64\debug\thedisco.tlog\link-rc.read.1.tlog
c:\users\pauliuskuzmickas\desktop\graphics\opengldisco\x64\debug\thedisco.tlog\link-rc.write.1.tlog
c:\users\pauliuskuzmickas\desktop\graphics\opengldisco\x64\debug\thedisco.tlog\link.command.1.tlog
c:\users\pauliuskuzmickas\desktop\graphics\opengldisco\x64\debug\thedisco.tlog\link.read.1.tlog
c:\users\pauliuskuzmickas\desktop\graphics\opengldisco\x64\debug\thedisco.tlog\link.write.1.tlog
